<?xml version="1.0" encoding="UTF-8"?>
<testsuite xmlns:xsi="http://www.w3.org/2001/XMLSchema-instance" xsi:noNamespaceSchemaLocation="https://maven.apache.org/surefire/maven-surefire-plugin/xsd/surefire-test-report-3.0.xsd" version="3.0" name="com.myself.tabunganq.TabunganqApplicationTests" time="4.295" tests="1" errors="0" skipped="0" failures="0">
  <properties>
    <property name="java.specification.version" value="22"/>
    <property name="sun.cpu.isalist" value="amd64"/>
    <property name="sun.jnu.encoding" value="Cp1252"/>
    <property name="java.class.path" value="C:\Training\tabunganq\target\test-classes;C:\Training\tabunganq\target\classes;C:\Users\Gilar\.m2\repository\org\springframework\boot\spring-boot-starter-jdbc\3.1.12\spring-boot-starter-jdbc-3.1.12.jar;C:\Users\Gilar\.m2\repository\org\springframework\boot\spring-boot-starter\3.1.12\spring-boot-starter-3.1.12.jar;C:\Users\Gilar\.m2\repository\org\springframework\boot\spring-boot\3.1.12\spring-boot-3.1.12.jar;C:\Users\Gilar\.m2\repository\org\springframework\boot\spring-boot-autoconfigure\3.1.12\spring-boot-autoconfigure-3.1.12.jar;C:\Users\Gilar\.m2\repository\org\springframework\boot\spring-boot-starter-logging\3.1.12\spring-boot-starter-logging-3.1.12.jar;C:\Users\Gilar\.m2\repository\ch\qos\logback\logback-classic\1.4.14\logback-classic-1.4.14.jar;C:\Users\Gilar\.m2\repository\ch\qos\logback\logback-core\1.4.14\logback-core-1.4.14.jar;C:\Users\Gilar\.m2\repository\org\apache\logging\log4j\log4j-to-slf4j\2.20.0\log4j-to-slf4j-2.20.0.jar;C:\Users\Gilar\.m2\repository\org\apache\logging\log4j\log4j-api\2.20.0\log4j-api-2.20.0.jar;C:\Users\Gilar\.m2\repository\org\slf4j\jul-to-slf4j\2.0.13\jul-to-slf4j-2.0.13.jar;C:\Users\Gilar\.m2\repository\jakarta\annotation\jakarta.annotation-api\2.1.1\jakarta.annotation-api-2.1.1.jar;C:\Users\Gilar\.m2\repository\org\yaml\snakeyaml\1.33\snakeyaml-1.33.jar;C:\Users\Gilar\.m2\repository\com\zaxxer\HikariCP\5.0.1\HikariCP-5.0.1.jar;C:\Users\Gilar\.m2\repository\org\slf4j\slf4j-api\2.0.13\slf4j-api-2.0.13.jar;C:\Users\Gilar\.m2\repository\org\springframework\spring-jdbc\6.0.21\spring-jdbc-6.0.21.jar;C:\Users\Gilar\.m2\repository\org\springframework\spring-beans\6.0.21\spring-beans-6.0.21.jar;C:\Users\Gilar\.m2\repository\org\springframework\spring-tx\6.0.21\spring-tx-6.0.21.jar;C:\Users\Gilar\.m2\repository\org\springframework\boot\spring-boot-starter-web\3.1.12\spring-boot-starter-web-3.1.12.jar;C:\Users\Gilar\.m2\repository\org\springframework\boot\spring-boot-starter-json\3.1.12\spring-boot-starter-json-3.1.12.jar;C:\Users\Gilar\.m2\repository\com\fasterxml\jackson\core\jackson-databind\2.15.4\jackson-databind-2.15.4.jar;C:\Users\Gilar\.m2\repository\com\fasterxml\jackson\core\jackson-annotations\2.15.4\jackson-annotations-2.15.4.jar;C:\Users\Gilar\.m2\repository\com\fasterxml\jackson\core\jackson-core\2.15.4\jackson-core-2.15.4.jar;C:\Users\Gilar\.m2\repository\com\fasterxml\jackson\datatype\jackson-datatype-jdk8\2.15.4\jackson-datatype-jdk8-2.15.4.jar;C:\Users\Gilar\.m2\repository\com\fasterxml\jackson\datatype\jackson-datatype-jsr310\2.15.4\jackson-datatype-jsr310-2.15.4.jar;C:\Users\Gilar\.m2\repository\com\fasterxml\jackson\module\jackson-module-parameter-names\2.15.4\jackson-module-parameter-names-2.15.4.jar;C:\Users\Gilar\.m2\repository\org\springframework\boot\spring-boot-starter-tomcat\3.1.12\spring-boot-starter-tomcat-3.1.12.jar;C:\Users\Gilar\.m2\repository\org\apache\tomcat\embed\tomcat-embed-core\10.1.24\tomcat-embed-core-10.1.24.jar;C:\Users\Gilar\.m2\repository\org\apache\tomcat\embed\tomcat-embed-el\10.1.24\tomcat-embed-el-10.1.24.jar;C:\Users\Gilar\.m2\repository\org\apache\tomcat\embed\tomcat-embed-websocket\10.1.24\tomcat-embed-websocket-10.1.24.jar;C:\Users\Gilar\.m2\repository\org\springframework\spring-web\6.0.21\spring-web-6.0.21.jar;C:\Users\Gilar\.m2\repository\io\micrometer\micrometer-observation\1.11.12\micrometer-observation-1.11.12.jar;C:\Users\Gilar\.m2\repository\io\micrometer\micrometer-commons\1.11.12\micrometer-commons-1.11.12.jar;C:\Users\Gilar\.m2\repository\org\springframework\spring-webmvc\6.0.21\spring-webmvc-6.0.21.jar;C:\Users\Gilar\.m2\repository\org\springframework\spring-aop\6.0.21\spring-aop-6.0.21.jar;C:\Users\Gilar\.m2\repository\org\springframework\spring-context\6.0.21\spring-context-6.0.21.jar;C:\Users\Gilar\.m2\repository\org\springframework\spring-expression\6.0.21\spring-expression-6.0.21.jar;C:\Users\Gilar\.m2\repository\org\springframework\boot\spring-boot-starter-test\3.1.12\spring-boot-starter-test-3.1.12.jar;C:\Users\Gilar\.m2\repository\org\springframework\boot\spring-boot-test\3.1.12\spring-boot-test-3.1.12.jar;C:\Users\Gilar\.m2\repository\org\springframework\boot\spring-boot-test-autoconfigure\3.1.12\spring-boot-test-autoconfigure-3.1.12.jar;C:\Users\Gilar\.m2\repository\com\jayway\jsonpath\json-path\2.9.0\json-path-2.9.0.jar;C:\Users\Gilar\.m2\repository\jakarta\xml\bind\jakarta.xml.bind-api\4.0.2\jakarta.xml.bind-api-4.0.2.jar;C:\Users\Gilar\.m2\repository\jakarta\activation\jakarta.activation-api\2.1.3\jakarta.activation-api-2.1.3.jar;C:\Users\Gilar\.m2\repository\net\minidev\json-smart\2.4.11\json-smart-2.4.11.jar;C:\Users\Gilar\.m2\repository\net\minidev\accessors-smart\2.4.11\accessors-smart-2.4.11.jar;C:\Users\Gilar\.m2\repository\org\ow2\asm\asm\9.3\asm-9.3.jar;C:\Users\Gilar\.m2\repository\org\assertj\assertj-core\3.24.2\assertj-core-3.24.2.jar;C:\Users\Gilar\.m2\repository\net\bytebuddy\byte-buddy\1.14.16\byte-buddy-1.14.16.jar;C:\Users\Gilar\.m2\repository\org\hamcrest\hamcrest\2.2\hamcrest-2.2.jar;C:\Users\Gilar\.m2\repository\org\junit\jupiter\junit-jupiter\5.9.3\junit-jupiter-5.9.3.jar;C:\Users\Gilar\.m2\repository\org\junit\jupiter\junit-jupiter-api\5.9.3\junit-jupiter-api-5.9.3.jar;C:\Users\Gilar\.m2\repository\org\opentest4j\opentest4j\1.2.0\opentest4j-1.2.0.jar;C:\Users\Gilar\.m2\repository\org\junit\platform\junit-platform-commons\1.9.3\junit-platform-commons-1.9.3.jar;C:\Users\Gilar\.m2\repository\org\apiguardian\apiguardian-api\1.1.2\apiguardian-api-1.1.2.jar;C:\Users\Gilar\.m2\repository\org\junit\jupiter\junit-jupiter-params\5.9.3\junit-jupiter-params-5.9.3.jar;C:\Users\Gilar\.m2\repository\org\junit\jupiter\junit-jupiter-engine\5.9.3\junit-jupiter-engine-5.9.3.jar;C:\Users\Gilar\.m2\repository\org\junit\platform\junit-platform-engine\1.9.3\junit-platform-engine-1.9.3.jar;C:\Users\Gilar\.m2\repository\org\mockito\mockito-core\5.3.1\mockito-core-5.3.1.jar;C:\Users\Gilar\.m2\repository\net\bytebuddy\byte-buddy-agent\1.14.16\byte-buddy-agent-1.14.16.jar;C:\Users\Gilar\.m2\repository\org\objenesis\objenesis\3.3\objenesis-3.3.jar;C:\Users\Gilar\.m2\repository\org\mockito\mockito-junit-jupiter\5.3.1\mockito-junit-jupiter-5.3.1.jar;C:\Users\Gilar\.m2\repository\org\skyscreamer\jsonassert\1.5.1\jsonassert-1.5.1.jar;C:\Users\Gilar\.m2\repository\com\vaadin\external\google\android-json\0.0.20131108.vaadin1\android-json-0.0.20131108.vaadin1.jar;C:\Users\Gilar\.m2\repository\org\springframework\spring-core\6.0.21\spring-core-6.0.21.jar;C:\Users\Gilar\.m2\repository\org\springframework\spring-jcl\6.0.21\spring-jcl-6.0.21.jar;C:\Users\Gilar\.m2\repository\org\springframework\spring-test\6.0.21\spring-test-6.0.21.jar;C:\Users\Gilar\.m2\repository\org\xmlunit\xmlunit-core\2.9.1\xmlunit-core-2.9.1.jar;C:\Users\Gilar\.m2\repository\org\projectlombok\lombok\1.18.32\lombok-1.18.32.jar;C:\Users\Gilar\.m2\repository\org\postgresql\postgresql\42.6.2\postgresql-42.6.2.jar;C:\Users\Gilar\.m2\repository\org\checkerframework\checker-qual\3.31.0\checker-qual-3.31.0.jar;"/>
    <property name="java.vm.vendor" value="Amazon.com Inc."/>
    <property name="sun.arch.data.model" value="64"/>
    <property name="user.variant" value=""/>
    <property name="java.vendor.url" value="https://aws.amazon.com/corretto/"/>
    <property name="user.timezone" value="Asia/Jakarta"/>
    <property name="os.name" value="Windows 11"/>
    <property name="java.vm.specification.version" value="22"/>
    <property name="sun.java.launcher" value="SUN_STANDARD"/>
    <property name="user.country" value="ID"/>
    <property name="sun.boot.library.path" value="C:\Program Files\Amazon Corretto\jdk22.0.1_8\bin"/>
    <property name="sun.java.command" value="C:\Users\Gilar\AppData\Local\Temp\surefire9903728995292934511\surefirebooter-20240611085643523_3.jar C:\Users\Gilar\AppData\Local\Temp\surefire9903728995292934511 2024-06-11T08-56-41_501-jvmRun1 surefire-20240611085643523_1tmp surefire_0-20240611085643523_2tmp"/>
    <property name="jdk.debug" value="release"/>
    <property name="surefire.test.class.path" value="C:\Training\tabunganq\target\test-classes;C:\Training\tabunganq\target\classes;C:\Users\Gilar\.m2\repository\org\springframework\boot\spring-boot-starter-jdbc\3.1.12\spring-boot-starter-jdbc-3.1.12.jar;C:\Users\Gilar\.m2\repository\org\springframework\boot\spring-boot-starter\3.1.12\spring-boot-starter-3.1.12.jar;C:\Users\Gilar\.m2\repository\org\springframework\boot\spring-boot\3.1.12\spring-boot-3.1.12.jar;C:\Users\Gilar\.m2\repository\org\springframework\boot\spring-boot-autoconfigure\3.1.12\spring-boot-autoconfigure-3.1.12.jar;C:\Users\Gilar\.m2\repository\org\springframework\boot\spring-boot-starter-logging\3.1.12\spring-boot-starter-logging-3.1.12.jar;C:\Users\Gilar\.m2\repository\ch\qos\logback\logback-classic\1.4.14\logback-classic-1.4.14.jar;C:\Users\Gilar\.m2\repository\ch\qos\logback\logback-core\1.4.14\logback-core-1.4.14.jar;C:\Users\Gilar\.m2\repository\org\apache\logging\log4j\log4j-to-slf4j\2.20.0\log4j-to-slf4j-2.20.0.jar;C:\Users\Gilar\.m2\repository\org\apache\logging\log4j\log4j-api\2.20.0\log4j-api-2.20.0.jar;C:\Users\Gilar\.m2\repository\org\slf4j\jul-to-slf4j\2.0.13\jul-to-slf4j-2.0.13.jar;C:\Users\Gilar\.m2\repository\jakarta\annotation\jakarta.annotation-api\2.1.1\jakarta.annotation-api-2.1.1.jar;C:\Users\Gilar\.m2\repository\org\yaml\snakeyaml\1.33\snakeyaml-1.33.jar;C:\Users\Gilar\.m2\repository\com\zaxxer\HikariCP\5.0.1\HikariCP-5.0.1.jar;C:\Users\Gilar\.m2\repository\org\slf4j\slf4j-api\2.0.13\slf4j-api-2.0.13.jar;C:\Users\Gilar\.m2\repository\org\springframework\spring-jdbc\6.0.21\spring-jdbc-6.0.21.jar;C:\Users\Gilar\.m2\repository\org\springframework\spring-beans\6.0.21\spring-beans-6.0.21.jar;C:\Users\Gilar\.m2\repository\org\springframework\spring-tx\6.0.21\spring-tx-6.0.21.jar;C:\Users\Gilar\.m2\repository\org\springframework\boot\spring-boot-starter-web\3.1.12\spring-boot-starter-web-3.1.12.jar;C:\Users\Gilar\.m2\repository\org\springframework\boot\spring-boot-starter-json\3.1.12\spring-boot-starter-json-3.1.12.jar;C:\Users\Gilar\.m2\repository\com\fasterxml\jackson\core\jackson-databind\2.15.4\jackson-databind-2.15.4.jar;C:\Users\Gilar\.m2\repository\com\fasterxml\jackson\core\jackson-annotations\2.15.4\jackson-annotations-2.15.4.jar;C:\Users\Gilar\.m2\repository\com\fasterxml\jackson\core\jackson-core\2.15.4\jackson-core-2.15.4.jar;C:\Users\Gilar\.m2\repository\com\fasterxml\jackson\datatype\jackson-datatype-jdk8\2.15.4\jackson-datatype-jdk8-2.15.4.jar;C:\Users\Gilar\.m2\repository\com\fasterxml\jackson\datatype\jackson-datatype-jsr310\2.15.4\jackson-datatype-jsr310-2.15.4.jar;C:\Users\Gilar\.m2\repository\com\fasterxml\jackson\module\jackson-module-parameter-names\2.15.4\jackson-module-parameter-names-2.15.4.jar;C:\Users\Gilar\.m2\repository\org\springframework\boot\spring-boot-starter-tomcat\3.1.12\spring-boot-starter-tomcat-3.1.12.jar;C:\Users\Gilar\.m2\repository\org\apache\tomcat\embed\tomcat-embed-core\10.1.24\tomcat-embed-core-10.1.24.jar;C:\Users\Gilar\.m2\repository\org\apache\tomcat\embed\tomcat-embed-el\10.1.24\tomcat-embed-el-10.1.24.jar;C:\Users\Gilar\.m2\repository\org\apache\tomcat\embed\tomcat-embed-websocket\10.1.24\tomcat-embed-websocket-10.1.24.jar;C:\Users\Gilar\.m2\repository\org\springframework\spring-web\6.0.21\spring-web-6.0.21.jar;C:\Users\Gilar\.m2\repository\io\micrometer\micrometer-observation\1.11.12\micrometer-observation-1.11.12.jar;C:\Users\Gilar\.m2\repository\io\micrometer\micrometer-commons\1.11.12\micrometer-commons-1.11.12.jar;C:\Users\Gilar\.m2\repository\org\springframework\spring-webmvc\6.0.21\spring-webmvc-6.0.21.jar;C:\Users\Gilar\.m2\repository\org\springframework\spring-aop\6.0.21\spring-aop-6.0.21.jar;C:\Users\Gilar\.m2\repository\org\springframework\spring-context\6.0.21\spring-context-6.0.21.jar;C:\Users\Gilar\.m2\repository\org\springframework\spring-expression\6.0.21\spring-expression-6.0.21.jar;C:\Users\Gilar\.m2\repository\org\springframework\boot\spring-boot-starter-test\3.1.12\spring-boot-starter-test-3.1.12.jar;C:\Users\Gilar\.m2\repository\org\springframework\boot\spring-boot-test\3.1.12\spring-boot-test-3.1.12.jar;C:\Users\Gilar\.m2\repository\org\springframework\boot\spring-boot-test-autoconfigure\3.1.12\spring-boot-test-autoconfigure-3.1.12.jar;C:\Users\Gilar\.m2\repository\com\jayway\jsonpath\json-path\2.9.0\json-path-2.9.0.jar;C:\Users\Gilar\.m2\repository\jakarta\xml\bind\jakarta.xml.bind-api\4.0.2\jakarta.xml.bind-api-4.0.2.jar;C:\Users\Gilar\.m2\repository\jakarta\activation\jakarta.activation-api\2.1.3\jakarta.activation-api-2.1.3.jar;C:\Users\Gilar\.m2\repository\net\minidev\json-smart\2.4.11\json-smart-2.4.11.jar;C:\Users\Gilar\.m2\repository\net\minidev\accessors-smart\2.4.11\accessors-smart-2.4.11.jar;C:\Users\Gilar\.m2\repository\org\ow2\asm\asm\9.3\asm-9.3.jar;C:\Users\Gilar\.m2\repository\org\assertj\assertj-core\3.24.2\assertj-core-3.24.2.jar;C:\Users\Gilar\.m2\repository\net\bytebuddy\byte-buddy\1.14.16\byte-buddy-1.14.16.jar;C:\Users\Gilar\.m2\repository\org\hamcrest\hamcrest\2.2\hamcrest-2.2.jar;C:\Users\Gilar\.m2\repository\org\junit\jupiter\junit-jupiter\5.9.3\junit-jupiter-5.9.3.jar;C:\Users\Gilar\.m2\repository\org\junit\jupiter\junit-jupiter-api\5.9.3\junit-jupiter-api-5.9.3.jar;C:\Users\Gilar\.m2\repository\org\opentest4j\opentest4j\1.2.0\opentest4j-1.2.0.jar;C:\Users\Gilar\.m2\repository\org\junit\platform\junit-platform-commons\1.9.3\junit-platform-commons-1.9.3.jar;C:\Users\Gilar\.m2\repository\org\apiguardian\apiguardian-api\1.1.2\apiguardian-api-1.1.2.jar;C:\Users\Gilar\.m2\repository\org\junit\jupiter\junit-jupiter-params\5.9.3\junit-jupiter-params-5.9.3.jar;C:\Users\Gilar\.m2\repository\org\junit\jupiter\junit-jupiter-engine\5.9.3\junit-jupiter-engine-5.9.3.jar;C:\Users\Gilar\.m2\repository\org\junit\platform\junit-platform-engine\1.9.3\junit-platform-engine-1.9.3.jar;C:\Users\Gilar\.m2\repository\org\mockito\mockito-core\5.3.1\mockito-core-5.3.1.jar;C:\Users\Gilar\.m2\repository\net\bytebuddy\byte-buddy-agent\1.14.16\byte-buddy-agent-1.14.16.jar;C:\Users\Gilar\.m2\repository\org\objenesis\objenesis\3.3\objenesis-3.3.jar;C:\Users\Gilar\.m2\repository\org\mockito\mockito-junit-jupiter\5.3.1\mockito-junit-jupiter-5.3.1.jar;C:\Users\Gilar\.m2\repository\org\skyscreamer\jsonassert\1.5.1\jsonassert-1.5.1.jar;C:\Users\Gilar\.m2\repository\com\vaadin\external\google\android-json\0.0.20131108.vaadin1\android-json-0.0.20131108.vaadin1.jar;C:\Users\Gilar\.m2\repository\org\springframework\spring-core\6.0.21\spring-core-6.0.21.jar;C:\Users\Gilar\.m2\repository\org\springframework\spring-jcl\6.0.21\spring-jcl-6.0.21.jar;C:\Users\Gilar\.m2\repository\org\springframework\spring-test\6.0.21\spring-test-6.0.21.jar;C:\Users\Gilar\.m2\repository\org\xmlunit\xmlunit-core\2.9.1\xmlunit-core-2.9.1.jar;C:\Users\Gilar\.m2\repository\org\projectlombok\lombok\1.18.32\lombok-1.18.32.jar;C:\Users\Gilar\.m2\repository\org\postgresql\postgresql\42.6.2\postgresql-42.6.2.jar;C:\Users\Gilar\.m2\repository\org\checkerframework\checker-qual\3.31.0\checker-qual-3.31.0.jar;"/>
    <property name="sun.cpu.endian" value="little"/>
    <property name="user.home" value="C:\Users\Gilar"/>
    <property name="user.language" value="en"/>
    <property name="java.specification.vendor" value="Oracle Corporation"/>
    <property name="java.version.date" value="2024-04-16"/>
    <property name="java.home" value="C:\Program Files\Amazon Corretto\jdk22.0.1_8"/>
    <property name="file.separator" value="\"/>
    <property name="basedir" value="C:\Training\tabunganq"/>
    <property name="java.vm.compressedOopsMode" value="Zero based"/>
    <property name="line.separator" value="&#10;"/>
    <property name="java.vm.specification.vendor" value="Oracle Corporation"/>
    <property name="java.specification.name" value="Java Platform API Specification"/>
    <property name="FILE_LOG_CHARSET" value="UTF-8"/>
    <property name="java.awt.headless" value="true"/>
    <property name="surefire.real.class.path" value="C:\Users\Gilar\AppData\Local\Temp\surefire9903728995292934511\surefirebooter-20240611085643523_3.jar"/>
    <property name="user.script" value=""/>
    <property name="sun.management.compiler" value="HotSpot 64-Bit Tiered Compilers"/>
    <property name="java.runtime.version" value="22.0.1+8-FR"/>
    <property name="user.name" value="l-099"/>
    <property name="stdout.encoding" value="Cp1252"/>
    <property name="path.separator" value=";"/>
    <property name="os.version" value="10.0"/>
    <property name="java.runtime.name" value="OpenJDK Runtime Environment"/>
    <property name="file.encoding" value="UTF-8"/>
    <property name="java.vm.name" value="OpenJDK 64-Bit Server VM"/>
    <property name="java.vendor.version" value="Corretto-22.0.1.8.1"/>
    <property name="localRepository" value="C:\Users\Gilar\.m2\repository"/>
    <property name="java.vendor.url.bug" value="https://github.com/corretto/corretto-22/issues/"/>
    <property name="java.io.tmpdir" value="C:\Users\Gilar\AppData\Local\Temp\"/>
    <property name="java.version" value="22.0.1"/>
    <property name="user.dir" value="C:\Training\tabunganq"/>
    <property name="os.arch" value="amd64"/>
    <property name="java.vm.specification.name" value="Java Virtual Machine Specification"/>
    <property name="PID" value="14260"/>
    <property name="sun.os.patch.level" value=""/>
    <property name="CONSOLE_LOG_CHARSET" value="UTF-8"/>
    <property name="native.encoding" value="Cp1252"/>
    <property name="java.library.path" value="C:\Program Files\Amazon Corretto\jdk22.0.1_8\bin;C:\WINDOWS\Sun\Java\bin;C:\WINDOWS\system32;C:\WINDOWS;C:\Program Files\Amazon Corretto\jdk22.0.1_8\bin;C:\Program Files\Apache Maven\bin;C:\Windows\system32;C:\Windows;C:\Windows\System32\Wbem;C:\Windows\System32\WindowsPowerShell\v1.0\;C:\Windows\System32\OpenSSH\;C:\Program Files (x86)\NVIDIA Corporation\PhysX\Common;C:\Program Files\NVIDIA Corporation\NVIDIA NvDLISR;C:\WINDOWS\system32;C:\WINDOWS;C:\WINDOWS\System32\Wbem;C:\WINDOWS\System32\WindowsPowerShell\v1.0\;C:\WINDOWS\System32\OpenSSH\;C:\Users\Gilar\AppData\Local\Microsoft\WindowsApps;C:\Program Files\Git\cmd;C:\Users\Gilar\AppData\Local\Microsoft\WindowsApps;C:\Program Files\JetBrains\IntelliJ IDEA Community Edition 2024.1.1\bin;;C:\Program Files\Apache Maven\bin;;."/>
    <property name="java.vm.info" value="mixed mode, sharing"/>
    <property name="stderr.encoding" value="Cp1252"/>
    <property name="java.vendor" value="Amazon.com Inc."/>
    <property name="java.vm.version" value="22.0.1+8-FR"/>
    <property name="sun.io.unicode.encoding" value="UnicodeLittle"/>
    <property name="java.class.version" value="66.0"/>
  </properties>
  <testcase name="contextLoads" classname="com.myself.tabunganq.TabunganqApplicationTests" time="0.899">
    <system-out><![CDATA[08:56:44.346 [main] INFO org.springframework.test.context.support.AnnotationConfigContextLoaderUtils -- Could not detect default configuration classes for test class [com.myself.tabunganq.TabunganqApplicationTests]: TabunganqApplicationTests does not declare any static, non-private, non-final, nested classes annotated with @Configuration.
08:56:44.461 [main] INFO org.springframework.boot.test.context.SpringBootTestContextBootstrapper -- Found @SpringBootConfiguration com.myself.tabunganq.TabunganqApplication for test class com.myself.tabunganq.TabunganqApplicationTests

  .   ____          _            __ _ _
 /\\ / ___'_ __ _ _(_)_ __  __ _ \ \ \ \
( ( )\___ | '_ | '_| | '_ \/ _` | \ \ \ \
 \\/  ___)| |_)| | | | | || (_| |  ) ) ) )
  '  |____| .__|_| |_|_| |_\__, | / / / /
 =========|_|==============|___/=/_/_/_/
 :: Spring Boot ::               (v3.1.12)

2024-06-11T08:56:45.078+07:00  INFO 14260 --- [           main] c.m.tabunganq.TabunganqApplicationTests  : Starting TabunganqApplicationTests using Java 22.0.1 with PID 14260 (started by l-099 in C:\Training\tabunganq)
2024-06-11T08:56:45.080+07:00  INFO 14260 --- [           main] c.m.tabunganq.TabunganqApplicationTests  : No active profile set, falling back to 1 default profile: "default"
2024-06-11T08:56:45.964+07:00  INFO 14260 --- [           main] com.zaxxer.hikari.HikariDataSource       : Supabase-Masterdata - Starting...
2024-06-11T08:56:46.927+07:00  INFO 14260 --- [           main] com.zaxxer.hikari.pool.HikariPool        : Supabase-Masterdata - Added connection org.postgresql.jdbc.PgConnection@79d82f66
2024-06-11T08:56:46.930+07:00  INFO 14260 --- [           main] com.zaxxer.hikari.HikariDataSource       : Supabase-Masterdata - Start completed.
2024-06-11T08:56:47.539+07:00  INFO 14260 --- [           main] c.m.tabunganq.TabunganqApplicationTests  : Started TabunganqApplicationTests in 2.922 seconds (process running for 3.913)
]]></system-out>
    <system-err><![CDATA[WARNING: A Java agent has been loaded dynamically (C:\Users\Gilar\.m2\repository\net\bytebuddy\byte-buddy-agent\1.14.16\byte-buddy-agent-1.14.16.jar)
WARNING: If a serviceability tool is in use, please run with -XX:+EnableDynamicAgentLoading to hide this warning
WARNING: If a serviceability tool is not in use, please run with -Djdk.instrument.traceUsage for more information
WARNING: Dynamic loading of agents will be disallowed by default in a future release
]]></system-err>
  </testcase>
</testsuite>